<?xml version="1.0" encoding="UTF-8"?>
<!-- Generated by org.testng.reporters.JUnitReportReporter -->
<testsuite hostname="Sureshs-Air.attlocal.net" failures="0" tests="1" name="testCases.TC002_LoginTest" time="1.813" errors="0" timestamp="2025-05-31T12:49:59 PDT" skipped="0">
  <testcase classname="testCases.TC002_LoginTest" name="verify_login" time="1.813"/>
</testsuite> <!-- testCases.TC002_LoginTest -->
