<?xml version="1.0" encoding="UTF-8"?>
<!-- Generated by org.testng.reporters.JUnitReportReporter -->
<testsuite hostname="Sureshs-Air.attlocal.net" failures="0" tests="6" name="testCases.TC003_LoginDDT" time="65.073" errors="0" timestamp="2025-05-08T20:45:57 PDT" skipped="0">
  <testcase classname="testCases.TC003_LoginDDT" name="verify_loginDDT" time="13.491"/>
  <testcase classname="testCases.TC003_LoginDDT" name="verify_loginDDT" time="14.091"/>
  <testcase classname="testCases.TC003_LoginDDT" name="verify_loginDDT" time="4.921"/>
  <testcase classname="testCases.TC003_LoginDDT" name="verify_loginDDT" time="13.464"/>
  <testcase classname="testCases.TC003_LoginDDT" name="verify_loginDDT" time="13.845"/>
  <testcase classname="testCases.TC003_LoginDDT" name="verify_loginDDT" time="5.261"/>
</testsuite> <!-- testCases.TC003_LoginDDT -->
