<?xml version="1.0" encoding="UTF-8"?>
<!-- Generated by org.testng.reporters.JUnitReportReporter -->
<testsuite hostname="Sureshs-Air.attlocal.net" failures="0" tests="1" name="testCases.TC_001AccountRegTest" time="2.211" errors="0" timestamp="2025-05-31T12:49:59 PDT" skipped="0">
  <testcase classname="testCases.TC_001AccountRegTest" name="verify_account_reg" time="2.211"/>
</testsuite> <!-- testCases.TC_001AccountRegTest -->
